2024-11-04 10:34:04,646 - main - INFO - Starting up the application...
2024-11-04 10:34:12,710 - main - INFO - Starting up the application...
2024-11-04 10:36:50,397 - main - INFO - Shutting down the application...
2024-11-04 10:36:53,367 - main - INFO - Starting up the application...
2024-11-04 10:37:38,281 - main - INFO - Received chat request with ID: 123
2024-11-04 10:37:38,282 - main - ERROR - Error processing chat request: string indices must be integers
2024-11-04 10:37:38,282 - main - ERROR - HTTP error occurred: {'status': 'Processing Error', 'error': 'string indices must be integers'}
2024-11-04 10:38:00,246 - main - INFO - Received chat request with ID: 123
2024-11-04 10:38:00,246 - main - ERROR - Error processing chat request: string indices must be integers
2024-11-04 10:38:00,246 - main - ERROR - HTTP error occurred: {'status': 'Processing Error', 'error': 'string indices must be integers'}
2024-11-04 10:38:06,777 - main - INFO - Received chat request with ID: 123
2024-11-04 10:38:06,777 - main - ERROR - Error processing chat request: string indices must be integers
2024-11-04 10:38:06,777 - main - ERROR - HTTP error occurred: {'status': 'Processing Error', 'error': 'string indices must be integers'}
2024-11-04 10:39:24,800 - main - INFO - Received chat request with ID: 123
2024-11-04 10:39:24,800 - main - ERROR - Error processing chat request: string indices must be integers
2024-11-04 10:39:24,800 - main - ERROR - HTTP error occurred: {'status': 'Processing Error', 'error': 'string indices must be integers'}
2024-11-04 10:39:28,029 - main - INFO - Received chat request with ID: 123
2024-11-04 10:39:28,029 - main - ERROR - Error processing chat request: string indices must be integers
2024-11-04 10:39:28,029 - main - ERROR - HTTP error occurred: {'status': 'Processing Error', 'error': 'string indices must be integers'}
2024-11-04 10:39:31,444 - main - INFO - Shutting down the application...
